<?xml version="1.0" encoding="UTF-8"?>
<testng-results skipped="0" failed="0" ignored="0" total="1" passed="1">
  <reporter-output>
  </reporter-output>
  <suite name="Suite" duration-ms="113604" started-at="2022-11-29T10:18:44Z" finished-at="2022-11-29T10:20:38Z">
    <groups>
    </groups>
    <test name="iOSEmulatorTest" duration-ms="113604" started-at="2022-11-29T10:18:44Z" finished-at="2022-11-29T10:20:38Z">
      <class name="com.qa.tests.ProductsTestsWithDeepLink">
        <test-method status="PASS" signature="beforeSuite()[pri:0, instance:com.qa.tests.ProductsTestsWithDeepLink@36b4cef0]" name="beforeSuite" is-config="true" duration-ms="5539" started-at="2022-11-29T10:18:39Z" finished-at="2022-11-29T10:18:44Z">
          <reporter-output>
          </reporter-output>
        </test-method> <!-- beforeSuite -->
        <test-method status="PASS" signature="beforeTest(java.lang.String, java.lang.String, java.lang.String, java.lang.String, java.lang.String, java.lang.String, java.lang.String, java.lang.String, java.lang.String, java.lang.String, java.lang.String, java.lang.String, java.lang.String, java.lang.String)[pri:0, instance:com.qa.tests.ProductsTestsWithDeepLink@36b4cef0]" name="beforeTest" is-config="true" duration-ms="3470" started-at="2022-11-29T10:18:44Z" finished-at="2022-11-29T10:18:48Z">
          <params>
            <param index="0">
              <value>
                <![CDATA[true]]>
              </value>
            </param>
            <param index="1">
              <value>
                <![CDATA[iOS]]>
              </value>
            </param>
            <param index="2">
              <value>
                <![CDATA[15.5]]>
              </value>
            </param>
            <param index="3">
              <value>
                <![CDATA[iPhone 11]]>
              </value>
            </param>
            <param index="4">
              <value>
                <![CDATA[55E69475-C48F-4B10-AB26-C0209E216366]]>
              </value>
            </param>
            <param index="5">
              <value>
                <![CDATA[androidOnly]]>
              </value>
            </param>
            <param index="6">
              <value>
                <![CDATA[androidOnly]]>
              </value>
            </param>
            <param index="7">
              <value>
                <![CDATA[pin]]>
              </value>
            </param>
            <param index="8">
              <value>
                <![CDATA[1111]]>
              </value>
            </param>
            <param index="9">
              <value>
                <![CDATA[300]]>
              </value>
            </param>
            <param index="10">
              <value>
                <![CDATA[androidOnly]]>
              </value>
            </param>
            <param index="11">
              <value>
                <![CDATA[androidOnly]]>
              </value>
            </param>
            <param index="12">
              <value>
                <![CDATA[10001]]>
              </value>
            </param>
            <param index="13">
              <value>
                <![CDATA[11001]]>
              </value>
            </param>
          </params>
          <reporter-output>
          </reporter-output>
        </test-method> <!-- beforeTest -->
        <test-method status="PASS" signature="beforeClass()[pri:0, instance:com.qa.tests.ProductsTestsWithDeepLink@36b4cef0]" name="beforeClass" is-config="true" duration-ms="880" started-at="2022-11-29T10:18:48Z" finished-at="2022-11-29T10:18:49Z">
          <reporter-output>
          </reporter-output>
        </test-method> <!-- beforeClass -->
        <test-method status="PASS" signature="beforeMethod(org.testng.ITestResult)[pri:0, instance:com.qa.tests.ProductsTestsWithDeepLink@36b4cef0]" name="beforeMethod" is-config="true" duration-ms="637" started-at="2022-11-29T10:18:49Z" finished-at="2022-11-29T10:18:49Z">
          <params>
            <param index="0">
              <value>
                <![CDATA[[TestResult name=productPage status=SUCCESS method=ProductsTestsWithDeepLink.productPage()[pri:0, instance:com.qa.tests.ProductsTestsWithDeepLink@36b4cef0] output={null}]]]>
              </value>
            </param>
          </params>
          <reporter-output>
          </reporter-output>
        </test-method> <!-- beforeMethod -->
        <test-method status="PASS" signature="beforeMethod(java.lang.reflect.Method)[pri:0, instance:com.qa.tests.ProductsTestsWithDeepLink@36b4cef0]" name="beforeMethod" is-config="true" duration-ms="98" started-at="2022-11-29T10:18:49Z" finished-at="2022-11-29T10:18:49Z">
          <params>
            <param index="0">
              <value>
                <![CDATA[public void com.qa.tests.ProductsTestsWithDeepLink.productPage() throws java.lang.InterruptedException]]>
              </value>
            </param>
          </params>
          <reporter-output>
          </reporter-output>
        </test-method> <!-- beforeMethod -->
        <test-method status="PASS" signature="productPage()[pri:0, instance:com.qa.tests.ProductsTestsWithDeepLink@36b4cef0]" name="productPage" duration-ms="100222" started-at="2022-11-29T10:18:49Z" finished-at="2022-11-29T10:20:30Z">
          <reporter-output>
          </reporter-output>
        </test-method> <!-- productPage -->
        <test-method status="PASS" signature="afterMethod(java.lang.reflect.Method)[pri:0, instance:com.qa.tests.ProductsTestsWithDeepLink@36b4cef0]" name="afterMethod" is-config="true" duration-ms="2420" started-at="2022-11-29T10:20:30Z" finished-at="2022-11-29T10:20:32Z">
          <params>
            <param index="0">
              <value>
                <![CDATA[public void com.qa.tests.ProductsTestsWithDeepLink.productPage() throws java.lang.InterruptedException]]>
              </value>
            </param>
          </params>
          <reporter-output>
          </reporter-output>
        </test-method> <!-- afterMethod -->
        <test-method status="PASS" signature="afterMethod(org.testng.ITestResult)[pri:0, instance:com.qa.tests.ProductsTestsWithDeepLink@36b4cef0]" name="afterMethod" is-config="true" duration-ms="3814" started-at="2022-11-29T10:20:32Z" finished-at="2022-11-29T10:20:36Z">
          <params>
            <param index="0">
              <value>
                <![CDATA[[TestResult name=productPage status=SUCCESS method=ProductsTestsWithDeepLink.productPage()[pri:0, instance:com.qa.tests.ProductsTestsWithDeepLink@36b4cef0] output={null}]]]>
              </value>
            </param>
          </params>
          <reporter-output>
          </reporter-output>
        </test-method> <!-- afterMethod -->
        <test-method status="PASS" signature="afterClass()[pri:0, instance:com.qa.tests.ProductsTestsWithDeepLink@36b4cef0]" name="afterClass" is-config="true" duration-ms="2005" started-at="2022-11-29T10:20:36Z" finished-at="2022-11-29T10:20:38Z">
          <reporter-output>
          </reporter-output>
        </test-method> <!-- afterClass -->
        <test-method status="PASS" signature="afterTest()[pri:0, instance:com.qa.tests.ProductsTestsWithDeepLink@36b4cef0]" name="afterTest" is-config="true" duration-ms="45" started-at="2022-11-29T10:20:38Z" finished-at="2022-11-29T10:20:38Z">
          <reporter-output>
          </reporter-output>
        </test-method> <!-- afterTest -->
        <test-method status="PASS" signature="afterSuite()[pri:0, instance:com.qa.tests.ProductsTestsWithDeepLink@36b4cef0]" name="afterSuite" is-config="true" duration-ms="0" started-at="2022-11-29T10:20:43Z" finished-at="2022-11-29T10:20:43Z">
          <reporter-output>
          </reporter-output>
        </test-method> <!-- afterSuite -->
      </class> <!-- com.qa.tests.ProductsTestsWithDeepLink -->
    </test> <!-- iOSEmulatorTest -->
  </suite> <!-- Suite -->
</testng-results>
