<?xml version="1.0" encoding="UTF-8"?>
<!-- Generated by org.testng.reporters.JUnitXMLReporter -->
<testsuite hostname="Ehtimads-MacBook-Pro.local" ignored="11" name="androidEmulatorTest" tests="2" failures="0" timestamp="25 Nov 2022 08:56:44 GMT" time="33.953" errors="0">
  <testcase name="successLoginStandartUserPressTap" time="8.17" classname="com.qa.tests.LoginTests"/>
  <testcase name="productPage" time="0.175" classname="com.qa.tests.ProductsTestsWithDeepLink"/>
  <testcase name="@AfterTest afterTest" time="0.0" classname="com.qa.BaseTest">
    <ignored/>
  </testcase> <!-- @AfterTest afterTest -->
  <testcase name="@BeforeSuite beforeSuite" time="0.0" classname="com.qa.BaseTest">
    <ignored/>
  </testcase> <!-- @BeforeSuite beforeSuite -->
  <testcase name="invalidUserName" time="0.0" classname="com.qa.tests.LoginTests">
    <ignored/>
  </testcase> <!-- invalidUserName -->
  <testcase name="emptyUsernamePassword" time="0.0" classname="com.qa.tests.LoginTests">
    <ignored/>
  </testcase> <!-- emptyUsernamePassword -->
  <testcase name="@AfterSuite afterSuite" time="0.0" classname="com.qa.BaseTest">
    <ignored/>
  </testcase> <!-- @AfterSuite afterSuite -->
  <testcase name="@BeforeTest beforeTest" time="0.0" classname="com.qa.BaseTest">
    <ignored/>
  </testcase> <!-- @BeforeTest beforeTest -->
  <testcase name="emptyUsername" time="0.0" classname="com.qa.tests.LoginTests">
    <ignored/>
  </testcase> <!-- emptyUsername -->
  <testcase name="successLoginStandartUserWithSendKeys" time="0.0" classname="com.qa.tests.LoginTests">
    <ignored/>
  </testcase> <!-- successLoginStandartUserWithSendKeys -->
  <testcase name="invalidPassword" time="0.0" classname="com.qa.tests.LoginTests">
    <ignored/>
  </testcase> <!-- invalidPassword -->
  <testcase name="emptyPassword" time="0.0" classname="com.qa.tests.LoginTests">
    <ignored/>
  </testcase> <!-- emptyPassword -->
  <testcase name="successLoginStandartUserWithTypeKeyboard" time="0.0" classname="com.qa.tests.LoginTests">
    <ignored/>
  </testcase> <!-- successLoginStandartUserWithTypeKeyboard -->
</testsuite> <!-- androidEmulatorTest -->
